  main.cpp
  EventService.cpp
  StickCollectionController.cpp
  StickCollectionModel.cpp
  GameplayService.cpp
  GameplayView.cpp
D:\Projects\GITHUB Practice\Sorting-Stick\Sorting-Stick\Sorting-Stick\source\Gameplay\GameplayView.cpp(27,26): warning C4244: 'argument': conversion from 'T' to 'float', possible loss of data
D:\Projects\GITHUB Practice\Sorting-Stick\Sorting-Stick\Sorting-Stick\source\Gameplay\GameplayView.cpp(27,26): warning C4244:         with
D:\Projects\GITHUB Practice\Sorting-Stick\Sorting-Stick\Sorting-Stick\source\Gameplay\GameplayView.cpp(27,26): warning C4244:         [
D:\Projects\GITHUB Practice\Sorting-Stick\Sorting-Stick\Sorting-Stick\source\Gameplay\GameplayView.cpp(27,26): warning C4244:             T=unsigned int
D:\Projects\GITHUB Practice\Sorting-Stick\Sorting-Stick\Sorting-Stick\source\Gameplay\GameplayView.cpp(27,26): warning C4244:         ]
D:\Projects\GITHUB Practice\Sorting-Stick\Sorting-Stick\Sorting-Stick\source\Gameplay\GameplayView.cpp(26,26): warning C4244: 'argument': conversion from 'T' to 'float', possible loss of data
D:\Projects\GITHUB Practice\Sorting-Stick\Sorting-Stick\Sorting-Stick\source\Gameplay\GameplayView.cpp(26,26): warning C4244:         with
D:\Projects\GITHUB Practice\Sorting-Stick\Sorting-Stick\Sorting-Stick\source\Gameplay\GameplayView.cpp(26,26): warning C4244:         [
D:\Projects\GITHUB Practice\Sorting-Stick\Sorting-Stick\Sorting-Stick\source\Gameplay\GameplayView.cpp(26,26): warning C4244:             T=unsigned int
D:\Projects\GITHUB Practice\Sorting-Stick\Sorting-Stick\Sorting-Stick\source\Gameplay\GameplayView.cpp(26,26): warning C4244:         ]
  ServiceLocator.cpp
  GameService.cpp
  GameplayUIController.cpp
D:\Projects\GITHUB Practice\Sorting-Stick\Sorting-Stick\Sorting-Stick\source\UI\GameplayUI\GameplayUIController.cpp(65,156): warning C4244: 'argument': conversion from 'const float' to 'int', possible loss of data
D:\Projects\GITHUB Practice\Sorting-Stick\Sorting-Stick\Sorting-Stick\source\UI\GameplayUI\GameplayUIController.cpp(66,148): warning C4244: 'argument': conversion from 'const float' to 'int', possible loss of data
D:\Projects\GITHUB Practice\Sorting-Stick\Sorting-Stick\Sorting-Stick\source\UI\GameplayUI\GameplayUIController.cpp(67,151): warning C4244: 'argument': conversion from 'const float' to 'int', possible loss of data
D:\Projects\GITHUB Practice\Sorting-Stick\Sorting-Stick\Sorting-Stick\source\UI\GameplayUI\GameplayUIController.cpp(69,147): warning C4244: 'argument': conversion from 'const float' to 'int', possible loss of data
D:\Projects\GITHUB Practice\Sorting-Stick\Sorting-Stick\Sorting-Stick\source\UI\GameplayUI\GameplayUIController.cpp(72,129): warning C4244: 'argument': conversion from 'const float' to 'int', possible loss of data
D:\Projects\GITHUB Practice\Sorting-Stick\Sorting-Stick\Sorting-Stick\source\UI\GameplayUI\GameplayUIController.cpp(75,159): warning C4244: 'argument': conversion from 'const float' to 'int', possible loss of data
  MainMenuUIController.cpp
  SplashScreenUIController.cpp
  ButtonView.cpp
  ImageView.cpp
D:\Projects\GITHUB Practice\Sorting-Stick\Sorting-Stick\Sorting-Stick\source\UI\UIElement\ImageView.cpp(74,23): warning C4244: '=': conversion from 'float' to 'sf::Uint8', possible loss of data
  UIView.cpp
  UISerive.cpp
  Generating Code...
  Sorting-Stick.vcxproj -> D:\Projects\GITHUB Practice\Sorting-Stick\Sorting-Stick\Sorting-Stick\x64\Debug\Sorting-Stick.exe
